<?xml version="1.0" encoding="UTF-8"?>
<!-- Generated by org.testng.reporters.JUnitXMLReporter -->
<testsuite hostname="LAPTOP-AOT80K1O" ignored="0" name="Test" tests="4" failures="0" timestamp="15 Jun 2021 10:01:18 GMT" time="7.289" errors="0">
  <testcase name="GetAllRecords" time="3.031" classname="org.testing.TestScripts.TC1"/>
  <testcase name="GetSpecificRecord" time="2.667" classname="org.testing.TestScripts.TC2"/>
  <testcase name="CreateData" time="0.743" classname="org.testing.TestScripts.TC3"/>
  <testcase name="UpdateData" time="0.768" classname="org.testing.TestScripts.TC4"/>
</testsuite> <!-- Test -->
